-------------------------------------------------------------------------------
Test set: music.library.service.AlbumServiceBidirectionalTest
-------------------------------------------------------------------------------
Tests run: 2, Failures: 0, Errors: 2, Skipped: 0, Time elapsed: 2.627 s <<< FAILURE! -- in music.library.service.AlbumServiceBidirectionalTest
music.library.service.AlbumServiceBidirectionalTest.removeGenre_cleansBothSides -- Time elapsed: 0.084 s <<< ERROR!
org.hibernate.LazyInitializationException: failed to lazily initialize a collection of role: music.library.entity.Album.genres: could not initialize proxy - no Session
	at org.hibernate.collection.spi.AbstractPersistentCollection.throwLazyInitializationException(AbstractPersistentCollection.java:635)
	at org.hibernate.collection.spi.AbstractPersistentCollection.withTemporarySessionIfNeeded(AbstractPersistentCollection.java:219)
	at org.hibernate.collection.spi.AbstractPersistentCollection.initialize(AbstractPersistentCollection.java:614)
	at org.hibernate.collection.spi.PersistentSet.add(PersistentSet.java:186)
	at music.library.service.AlbumService.addGenre(AlbumService.java:60)
	at music.library.service.AlbumServiceBidirectionalTest.removeGenre_cleansBothSides(AlbumServiceBidirectionalTest.java:60)
	at java.base/java.lang.reflect.Method.invoke(Method.java:580)
	at java.base/java.util.ArrayList.forEach(ArrayList.java:1596)
	at java.base/java.util.ArrayList.forEach(ArrayList.java:1596)

music.library.service.AlbumServiceBidirectionalTest.addGenre_updatesBothSides -- Time elapsed: 0.016 s <<< ERROR!
org.hibernate.LazyInitializationException: failed to lazily initialize a collection of role: music.library.entity.Album.genres: could not initialize proxy - no Session
	at org.hibernate.collection.spi.AbstractPersistentCollection.throwLazyInitializationException(AbstractPersistentCollection.java:635)
	at org.hibernate.collection.spi.AbstractPersistentCollection.withTemporarySessionIfNeeded(AbstractPersistentCollection.java:219)
	at org.hibernate.collection.spi.AbstractPersistentCollection.initialize(AbstractPersistentCollection.java:614)
	at org.hibernate.collection.spi.PersistentSet.add(PersistentSet.java:186)
	at music.library.service.AlbumService.addGenre(AlbumService.java:60)
	at music.library.service.AlbumServiceBidirectionalTest.addGenre_updatesBothSides(AlbumServiceBidirectionalTest.java:38)
	at java.base/java.lang.reflect.Method.invoke(Method.java:580)
	at java.base/java.util.ArrayList.forEach(ArrayList.java:1596)
	at java.base/java.util.ArrayList.forEach(ArrayList.java:1596)

