<?xml version="1.0" encoding="UTF-8"?>
<testsuite xmlns:xsi="http://www.w3.org/2001/XMLSchema-instance" xsi:noNamespaceSchemaLocation="https://maven.apache.org/surefire/maven-surefire-plugin/xsd/surefire-test-report.xsd" version="3.0.2" name="music.library.repository.AlbumRepositoryTest" time="9.286" tests="2" errors="0" skipped="0" failures="1">
  <properties>
[...]
</properties>
  <testcase name="albumGenre_bidirectional" classname="music.library.repository.AlbumRepositoryTest" time="0.711">
    <failure message="&#10;Expecting actual:&#10;  []&#10;to contain exactly (and in same order):&#10;  [&quot;Rock Album&quot;]&#10;but could not find the following elements:&#10;  [&quot;Rock Album&quot;]&#10;" type="org.opentest4j.AssertionFailedError"><![CDATA[org.opentest4j.AssertionFailedError: 

Expecting actual:
  []
to contain exactly (and in same order):
  ["Rock Album"]
but could not find the following elements:
  ["Rock Album"]

	at music.library.repository.AlbumRepositoryTest.albumGenre_bidirectional(AlbumRepositoryTest.java:90)
	at java.base/java.lang.reflect.Method.invoke(Method.java:580)
	at java.base/java.util.ArrayList.forEach(ArrayList.java:1596)
	at java.base/java.util.ArrayList.forEach(ArrayList.java:1596)
]]></failure>
    <system-out><![CDATA[01:17:34.650 [main] INFO org.springframework.test.context.support.AnnotationConfigContextLoaderUtils -- Could not detect default configuration classes for test class [music.library.repository.AlbumRepositoryTest]: AlbumRepositoryTest does not declare any static, non-private, non-final, nested classes annotated with @Configuration.
01:17:34.946 [main] INFO org.springframework.boot.test.context.SpringBootTestContextBootstrapper -- Found @SpringBootConfiguration music.library.MusicLibraryApplication for test class music.library.repository.AlbumRepositoryTest

  .   ____          _            __ _ _
 /\\ / ___'_ __ _ _(_)_ __  __ _ \ \ \ \
( ( )\___ | '_ | '_| | '_ \/ _` | \ \ \ \
 \\/  ___)| |_)| | | | | || (_| |  ) ) ) )
  '  |____| .__|_| |_|_| |_\__, | / / / /
 =========|_|==============|___/=/_/_/_/

 :: Spring Boot ::                (v3.5.7)

2025-11-17T01:17:36.068-07:00  INFO 7924 --- [           main] m.l.repository.AlbumRepositoryTest       : Starting AlbumRepositoryTest using Java 21.0.6 with PID 7924 (started by user1 in C:\Users\user1\Desktop\Back End Software Dev\eclipse-workspace\music-library)
2025-11-17T01:17:36.070-07:00  INFO 7924 --- [           main] m.l.repository.AlbumRepositoryTest       : The following 1 profile is active: "test"
2025-11-17T01:17:37.627-07:00  INFO 7924 --- [           main] .s.d.r.c.RepositoryConfigurationDelegate : Bootstrapping Spring Data JPA repositories in DEFAULT mode.
2025-11-17T01:17:37.891-07:00  INFO 7924 --- [           main] .s.d.r.c.RepositoryConfigurationDelegate : Finished Spring Data repository scanning in 251 ms. Found 3 JPA repository interfaces.
2025-11-17T01:17:37.960-07:00  INFO 7924 --- [           main] beddedDataSourceBeanFactoryPostProcessor : Replacing 'dataSource' DataSource bean with embedded version
2025-11-17T01:17:38.119-07:00  INFO 7924 --- [           main] o.s.j.d.e.EmbeddedDatabaseFactory        : Starting embedded database: url='jdbc:h2:mem:6459cc5f-cbd7-4093-a7d5-588babf848a8;DB_CLOSE_DELAY=-1;DB_CLOSE_ON_EXIT=false', username='sa'
2025-11-17T01:17:39.440-07:00  INFO 7924 --- [           main] o.hibernate.jpa.internal.util.LogHelper  : HHH000204: Processing PersistenceUnitInfo [name: default]
2025-11-17T01:17:39.526-07:00  INFO 7924 --- [           main] org.hibernate.Version                    : HHH000412: Hibernate ORM core version 6.6.33.Final
2025-11-17T01:17:39.664-07:00  INFO 7924 --- [           main] o.h.c.internal.RegionFactoryInitiator    : HHH000026: Second-level cache disabled
2025-11-17T01:17:40.129-07:00  INFO 7924 --- [           main] o.s.o.j.p.SpringPersistenceUnitInfo      : No LoadTimeWeaver setup: ignoring JPA class transformer
2025-11-17T01:17:40.277-07:00  INFO 7924 --- [           main] org.hibernate.orm.connections.pooling    : HHH10001005: Database info:
	Database JDBC URL [Connecting through datasource 'org.springframework.jdbc.datasource.embedded.EmbeddedDatabaseFactory$EmbeddedDataSourceProxy@efac87a']
	Database driver: undefined/unknown
	Database version: 2.3.232
	Autocommit mode: undefined/unknown
	Isolation level: undefined/unknown
	Minimum pool size: undefined/unknown
	Maximum pool size: undefined/unknown
2025-11-17T01:17:42.399-07:00  INFO 7924 --- [           main] o.h.e.t.j.p.i.JtaPlatformInitiator       : HHH000489: No JTA platform available (set 'hibernate.transaction.jta.platform' to enable JTA platform integration)
Hibernate: 
    drop table if exists album cascade 
Hibernate: 
    drop table if exists album_genre cascade 
Hibernate: 
    drop table if exists artist cascade 
Hibernate: 
    drop table if exists genre cascade 
Hibernate: 
    create table album (
        release_date date,
        track_count integer,
        album_id bigint generated by default as identity,
        artist_id bigint not null,
        created_at timestamp(6),
        updated_at timestamp(6),
        catalog_number varchar(50) unique,
        cover_image_url varchar(255),
        title varchar(255) not null,
        primary key (album_id)
    )
Hibernate: 
    create table album_genre (
        album_id bigint not null,
        genre_id bigint not null,
        primary key (album_id, genre_id)
    )
Hibernate: 
    create table artist (
        artist_id bigint generated by default as identity,
        created_at timestamp(6),
        updated_at timestamp(6),
        description TEXT,
        name varchar(255) not null,
        primary key (artist_id)
    )
Hibernate: 
    create table genre (
        created_at timestamp(6),
        genre_id bigint generated by default as identity,
        updated_at timestamp(6),
        name varchar(100) not null,
        description TEXT,
        primary key (genre_id)
    )
Hibernate: 
    alter table if exists album 
       add constraint FKmwc4fyyxb6tfi0qba26gcf8s1 
       foreign key (artist_id) 
       references artist
Hibernate: 
    alter table if exists album_genre 
       add constraint FKld60pu9t8ff70bc6nrnnv91lx 
       foreign key (genre_id) 
       references genre
Hibernate: 
    alter table if exists album_genre 
       add constraint FKgobybiodeygwcmlhr7sxv4y01 
       foreign key (album_id) 
       references album
2025-11-17T01:17:42.491-07:00  INFO 7924 --- [           main] j.LocalContainerEntityManagerFactoryBean : Initialized JPA EntityManagerFactory for persistence unit 'default'
2025-11-17T01:17:42.907-07:00  INFO 7924 --- [           main] m.l.repository.AlbumRepositoryTest       : Started AlbumRepositoryTest in 7.855 seconds (process running for 11.041)
Hibernate: 
    insert 
    into
        artist
        (created_at, description, name, updated_at, artist_id) 
    values
        (?, ?, ?, ?, default)
Hibernate: 
    insert 
    into
        genre
        (created_at, description, name, updated_at, genre_id) 
    values
        (?, ?, ?, ?, default)
Hibernate: 
    insert 
    into
        album
        (artist_id, catalog_number, cover_image_url, created_at, release_date, title, track_count, updated_at, album_id) 
    values
        (?, ?, ?, ?, ?, ?, ?, ?, default)
Hibernate: 
    insert 
    into
        album_genre
        (album_id, genre_id) 
    values
        (?, ?)
]]></system-out>
    <system-err><![CDATA[Mockito is currently self-attaching to enable the inline-mock-maker. This will no longer work in future releases of the JDK. Please add Mockito as an agent to your build as described in Mockito's documentation: https://javadoc.io/doc/org.mockito/mockito-core/latest/org.mockito/org/mockito/Mockito.html#0.3
WARNING: A Java agent has been loaded dynamically (C:\Users\user1\.m2\repository\net\bytebuddy\byte-buddy-agent\1.17.8\byte-buddy-agent-1.17.8.jar)
WARNING: If a serviceability tool is in use, please run with -XX:+EnableDynamicAgentLoading to hide this warning
WARNING: If a serviceability tool is not in use, please run with -Djdk.instrument.traceUsage for more information
WARNING: Dynamic loading of agents will be disallowed by default in a future release
]]></system-err>
  </testcase>
  <testcase name="uniqueCatalogNumber_constraint" classname="music.library.repository.AlbumRepositoryTest" time="0.032">
    <system-out><![CDATA[Hibernate: 
    insert 
    into
        artist
        (created_at, description, name, updated_at, artist_id) 
    values
        (?, ?, ?, ?, default)
Hibernate: 
    insert 
    into
        album
        (artist_id, catalog_number, cover_image_url, created_at, release_date, title, track_count, updated_at, album_id) 
    values
        (?, ?, ?, ?, ?, ?, ?, ?, default)
Hibernate: 
    insert 
    into
        album
        (artist_id, catalog_number, cover_image_url, created_at, release_date, title, track_count, updated_at, album_id) 
    values
        (?, ?, ?, ?, ?, ?, ?, ?, default)
2025-11-17T01:17:43.649-07:00  WARN 7924 --- [           main] o.h.engine.jdbc.spi.SqlExceptionHelper   : SQL Error: 23505, SQLState: 23505
2025-11-17T01:17:43.650-07:00 ERROR 7924 --- [           main] o.h.engine.jdbc.spi.SqlExceptionHelper   : Unique index or primary key violation: "PUBLIC.CONSTRAINT_INDEX_3 ON PUBLIC.ALBUM(CATALOG_NUMBER NULLS FIRST) VALUES ( /* 2 */ 'SILKA001' )"; SQL statement:
insert into album (artist_id,catalog_number,cover_image_url,created_at,release_date,title,track_count,updated_at,album_id) values (?,?,?,?,?,?,?,?,default) [23505-232]
]]></system-out>
  </testcase>
</testsuite>